<?xml version="1.0" encoding="UTF-8"?>
<persistence xmlns:xsi="http://www.w3.org/2001/XMLSchema-instance"
             version="2.1" xmlns="http://xmlns.jcp.org/xml/ns/persistence"
             xsi:schemaLocation="
        http://xmlns.jcp.org/xml/ns/persistence
        http://xmlns.jcp.org/xml/ns/persistence/persistence_2_1.xsd">
    <persistence-unit name="AlwinUnit">
        <jta-data-source>java:jboss/datasources/AlwinUnit</jta-data-source>
        <properties>
            <property name="hibernate.show_sql" value="false"/>
            <property name="hibernate.format_sql" value="false"/>
            <property name="hibernate.dialect" value="org.hibernate.dialect.PostgreSQLDialect"/>
            <property name="org.hibernate.envers.revision_listener" value="com.codersteam.alwin.db.dao.listener.OperatorRevisionListener"/>

            <property name="hibernate.cache.infinispan.query.eviction.strategy" value="LRU"/>
            <property name="hibernate.cache.infinispan.query.eviction.wake_up_interval" value="2000"/>
            <property name="hibernate.cache.infinispan.query.eviction.max_entries" value="5000"/>
            <property name="hibernate.cache.infinispan.query.expiration.lifespan" value="1800000"/>
            <property name="hibernate.cache.infinispan.query.expiration.max_idle" value="900000"/>
        </properties>
    </persistence-unit>
</persistence>
