<?xml version="1.0" encoding="UTF-8"?>
<application xmlns="http://xmlns.jcp.org/xml/ns/javaee" xmlns:xsi="http://www.w3.org/2001/XMLSchema-instance" xsi:schemaLocation="http://xmlns.jcp.org/xml/ns/javaee http://xmlns.jcp.org/xml/ns/javaee/application_7.xsd" version="7">
  <display-name>alwin-middleware-ear</display-name>
  <module>
    <web>
      <web-uri>alwin-rest.war</web-uri>
      <context-root>/alwin-rest</context-root>
    </web>
  </module>
  <module>
    <ejb>alwin-common.jar</ejb>
  </module>
  <module>
    <ejb>alwin-core.jar</ejb>
  </module>
  <module>
    <ejb>alwin-db.jar</ejb>
  </module>
  <library-directory>lib</library-directory>
</application>